<?xml version="1.0" encoding="UTF-8"?>
<!-- Generated by org.testng.reporters.JUnitXMLReporter -->
<testsuite hostname="MS033.local" ignored="0" name="Test-class test" tests="4" failures="0" timestamp="08 Aug 2018 15:09:42 GMT" time="0.039" errors="0">
  <testcase name="testMethodOneB" time="0.004" classname="com.ekw.test.flow.ParallelClassesTestTwo"/>
  <testcase name="testMethodOneA" time="0.005" classname="com.ekw.test.flow.ParallelClassesTestOne"/>
  <testcase name="testMethodTwoB" time="0.001" classname="com.ekw.test.flow.ParallelClassesTestTwo"/>
  <testcase name="testMethodTwoA" time="0.001" classname="com.ekw.test.flow.ParallelClassesTestOne"/>
</testsuite> <!-- Test-class test -->
