<?xml version="1.0" encoding="UTF-8"?>
<!-- Generated by org.testng.reporters.JUnitReportReporter -->
<testsuite skipped="0" hostname="MS033.local" name="com.ekw.test.flow.ParallelClassesTestOne" tests="2" failures="0" timestamp="08 Aug 2018 15:09:42 GMT" time="0.006" errors="0">
  <testcase name="testMethodTwoA" time="0.001" classname="com.ekw.test.flow.ParallelClassesTestOne"/>
  <testcase name="testMethodOneA" time="0.005" classname="com.ekw.test.flow.ParallelClassesTestOne"/>
</testsuite> <!-- com.ekw.test.flow.ParallelClassesTestOne -->
