<?xml version="1.0" encoding="UTF-8"?>
<!-- Generated by org.testng.reporters.JUnitReportReporter -->
<testsuite skipped="0" hostname="MS033.local" name="com.ekw.test.flow.ParallelClassesTestTwo" tests="2" failures="0" timestamp="08 Aug 2018 15:09:42 GMT" time="0.005" errors="0">
  <testcase name="testMethodTwoB" time="0.001" classname="com.ekw.test.flow.ParallelClassesTestTwo"/>
  <testcase name="testMethodOneB" time="0.004" classname="com.ekw.test.flow.ParallelClassesTestTwo"/>
</testsuite> <!-- com.ekw.test.flow.ParallelClassesTestTwo -->
